<?xml version="1.0" encoding="UTF-8"?>
<!-- Generated by org.testng.reporters.JUnitReportReporter -->
<testsuite hostname="DESKTOP-TS8RBBL" failures="0" tests="1" name="scripts.Test0" time="0.022" errors="0" timestamp="2022-12-12T00:22:03 IST" skipped="0">
  <testcase classname="scripts.Test0" name="tc1" time="0.022"/>
  <system-out>
    <![CDATA[hello java]]>
  </system-out>
</testsuite> <!-- scripts.Test0 -->
