<?xml version="1.0" encoding="UTF-8"?>
<!-- Generated by org.testng.reporters.JUnitReportReporter -->
<testsuite hostname="DESKTOP-TS8RBBL" failures="0" tests="1" name="scripts.Test1" time="0.002" errors="0" timestamp="2022-12-11T20:02:43 IST" skipped="0">
  <testcase classname="scripts.Test1" name="tc1" time="0.002"/>
  <system-out>
    <![CDATA[hello selenium]]>
  </system-out>
</testsuite> <!-- scripts.Test1 -->
