<?xml version="1.0" encoding="UTF-8"?>
<!-- Generated by org.testng.reporters.JUnitReportReporter -->
<testsuite hostname="DESKTOP-TS8RBBL" failures="0" tests="1" name="scripts.Test2" time="0.002" errors="0" timestamp="2022-12-12T00:22:03 IST" skipped="0">
  <testcase classname="scripts.Test2" name="tc1" time="0.002"/>
  <system-out>
    <![CDATA[hello python]]>
  </system-out>
</testsuite> <!-- scripts.Test2 -->
