<?xml version="1.0" encoding="UTF-8"?>
<!-- Generated by org.testng.reporters.JUnitReportReporter -->
<testsuite hostname="DESKTOP-TS8RBBL" failures="0" tests="1" name="scripts.Test0" time="0.001" errors="0" timestamp="2022-12-11T20:02:43 IST" skipped="0">
  <testcase classname="scripts.Test0" name="tc1" time="0.001"/>
  <system-out>
    <![CDATA[hello java]]>
  </system-out>
</testsuite> <!-- scripts.Test0 -->
