<?xml version="1.0" encoding="UTF-8"?>
<!-- Generated by org.testng.reporters.JUnitReportReporter -->
<testsuite hostname="DESKTOP-TS8RBBL" failures="0" tests="1" name="scripts.Test3" time="0.011" errors="0" timestamp="2022-12-11T20:02:43 IST" skipped="0">
  <testcase classname="scripts.Test3" name="tc1" time="0.011"/>
  <system-out>
    <![CDATA[hello api]]>
  </system-out>
</testsuite> <!-- scripts.Test3 -->
